<?xml version="1.0" encoding="UTF-8"?>
<testng-results ignored="0" total="6" passed="6" failed="0" skipped="0">
  <reporter-output>
    <line>
      <![CDATA[thread id of testMethod1:1]]>
    </line>
    <line>
      <![CDATA[thread id of testMethod2 :1]]>
    </line>
    <line>
      <![CDATA[thread id of testMethod3:1]]>
    </line>
    <line>
      <![CDATA[thread id of testMethod4 :1]]>
    </line>
    <line>
      <![CDATA[thread id of testMethod3:1]]>
    </line>
    <line>
      <![CDATA[thread id of testMethod4 :1]]>
    </line>
  </reporter-output>
  <suite started-at="2023-07-19T23:57:45 IST" name="Suite" finished-at="2023-07-19T23:57:45 IST" duration-ms="57">
    <groups>
    </groups>
    <test started-at="2023-07-19T23:57:45 IST" name="Test" finished-at="2023-07-19T23:57:45 IST" duration-ms="57">
      <class name="testNGExecution.TestMethod1">
        <test-method signature="testMethod1()[pri:0, instance:testNGExecution.TestMethod1@771a660]" started-at="2023-07-19T23:57:45 IST" name="testMethod1" finished-at="2023-07-19T23:57:45 IST" duration-ms="7" status="PASS">
          <reporter-output>
            <line>
              <![CDATA[thread id of testMethod1:1]]>
            </line>
          </reporter-output>
        </test-method> <!-- testMethod1 -->
        <test-method signature="testMethod2()[pri:0, instance:testNGExecution.TestMethod1@771a660]" started-at="2023-07-19T23:57:45 IST" name="testMethod2" finished-at="2023-07-19T23:57:45 IST" duration-ms="2" status="PASS">
          <reporter-output>
            <line>
              <![CDATA[thread id of testMethod2 :1]]>
            </line>
          </reporter-output>
        </test-method> <!-- testMethod2 -->
      </class> <!-- testNGExecution.TestMethod1 -->
      <class name="testNGExecution.TestMethod3">
        <test-method signature="testMethod5()[pri:0, instance:testNGExecution.TestMethod3@52719fb6]" started-at="2023-07-19T23:57:45 IST" name="testMethod5" finished-at="2023-07-19T23:57:45 IST" duration-ms="3" status="PASS">
          <reporter-output>
            <line>
              <![CDATA[thread id of testMethod3:1]]>
            </line>
          </reporter-output>
        </test-method> <!-- testMethod5 -->
        <test-method signature="testMethod6()[pri:0, instance:testNGExecution.TestMethod3@52719fb6]" started-at="2023-07-19T23:57:45 IST" name="testMethod6" finished-at="2023-07-19T23:57:45 IST" duration-ms="1" status="PASS">
          <reporter-output>
            <line>
              <![CDATA[thread id of testMethod4 :1]]>
            </line>
          </reporter-output>
        </test-method> <!-- testMethod6 -->
      </class> <!-- testNGExecution.TestMethod3 -->
      <class name="testNGExecution.TestMethod2">
        <test-method signature="testMethod3()[pri:0, instance:testNGExecution.TestMethod2@3012646b]" started-at="2023-07-19T23:57:45 IST" name="testMethod3" finished-at="2023-07-19T23:57:45 IST" duration-ms="1" status="PASS">
          <reporter-output>
            <line>
              <![CDATA[thread id of testMethod3:1]]>
            </line>
          </reporter-output>
        </test-method> <!-- testMethod3 -->
        <test-method signature="testMethod4()[pri:0, instance:testNGExecution.TestMethod2@3012646b]" started-at="2023-07-19T23:57:45 IST" name="testMethod4" finished-at="2023-07-19T23:57:45 IST" duration-ms="2" status="PASS">
          <reporter-output>
            <line>
              <![CDATA[thread id of testMethod4 :1]]>
            </line>
          </reporter-output>
        </test-method> <!-- testMethod4 -->
      </class> <!-- testNGExecution.TestMethod2 -->
    </test> <!-- Test -->
  </suite> <!-- Suite -->
</testng-results>
