<?xml version="1.0" encoding="UTF-8"?>
<!-- Generated by org.testng.reporters.JUnitXMLReporter -->
<testsuite ignored="0" hostname="LAPTOP-RSUQQ0SO" failures="0" tests="6" name="Test" time="0.057" errors="0" timestamp="2023-07-19T23:57:45 IST">
  <testcase classname="testNGExecution.TestMethod1" name="testMethod1" time="0.007"/>
  <testcase classname="testNGExecution.TestMethod1" name="testMethod2" time="0.002"/>
  <testcase classname="testNGExecution.TestMethod3" name="testMethod5" time="0.003"/>
  <testcase classname="testNGExecution.TestMethod3" name="testMethod6" time="0.001"/>
  <testcase classname="testNGExecution.TestMethod2" name="testMethod3" time="0.001"/>
  <testcase classname="testNGExecution.TestMethod2" name="testMethod4" time="0.002"/>
</testsuite> <!-- Test -->
